<?xml version="1.0" encoding="UTF-8"?>
<!-- Generated by org.testng.reporters.JUnitReportReporter -->
<testsuite hostname="rajshree" failures="0" tests="1" name="advanced.selenim.testleaf.DownloadAndVerify" time="3.323" errors="0" timestamp="2023-06-28T09:57:00 IST" skipped="0">
  <testcase classname="advanced.selenim.testleaf.DownloadAndVerify" name="demoForDownloadingFile" time="3.323"/>
  <system-out/>
</testsuite> <!-- advanced.selenim.testleaf.DownloadAndVerify -->
