<?xml version="1.0" encoding="UTF-8"?>
<!-- Generated by org.testng.reporters.JUnitReportReporter -->
<testsuite hostname="rajshree" failures="0" tests="1" name="advanced.selenim.testleaf.DriverClass" time="4.554" errors="0" timestamp="2023-06-28T17:20:31 IST" skipped="0">
  <testcase classname="advanced.selenim.testleaf.DriverClass" name="firstDemo" time="4.554"/>
  <system-out/>
</testsuite> <!-- advanced.selenim.testleaf.DriverClass -->
