<?xml version="1.0" encoding="UTF-8"?>
<!-- Generated by org.testng.reporters.JUnitReportReporter -->
<testsuite hostname="rajshree" failures="0" tests="1" name="advanced.selenim.testleaf.HyperLinkDemo" time="4.752" errors="0" timestamp="2023-06-28T15:34:59 IST" skipped="0">
  <testcase classname="advanced.selenim.testleaf.HyperLinkDemo" name="demoHyperLink" time="4.752"/>
  <system-out/>
</testsuite> <!-- advanced.selenim.testleaf.HyperLinkDemo -->
