<?xml version="1.0" encoding="UTF-8"?>
<!-- Generated by org.testng.reporters.JUnitReportReporter -->
<testsuite hostname="rajshree" failures="0" tests="8" name="flipkartDemo.OrderPlace" time="5.932" errors="0" timestamp="2023-06-29T11:20:12 IST" skipped="0">
  <testcase classname="flipkartDemo.OrderPlace" name="logIn" time="0.173"/>
  <system-out/>
  <testcase classname="flipkartDemo.OrderPlace" name="searchKidToys" time="0.335"/>
  <system-out/>
  <testcase classname="flipkartDemo.OrderPlace" name="windowHandle" time="2.900"/>
  <system-out/>
  <testcase classname="flipkartDemo.OrderPlace" name="addItems" time="1.020"/>
  <system-out/>
  <testcase classname="flipkartDemo.OrderPlace" name="placeOrder" time="1.124"/>
  <system-out/>
  <testcase classname="flipkartDemo.OrderPlace" name="enterPhoneNumber" time="0.215"/>
  <system-out/>
  <testcase classname="flipkartDemo.OrderPlace" name="continueButton" time="0.090"/>
  <system-out/>
  <testcase classname="flipkartDemo.OrderPlace" name="backToHome" time="0.075"/>
  <system-out/>
</testsuite> <!-- flipkartDemo.OrderPlace -->
