<?xml version="1.0" encoding="UTF-8"?>
<!-- Generated by org.testng.reporters.JUnitReportReporter -->
<testsuite hostname="rajshree" failures="0" tests="3" name="advanced.selenim.testleaf.CookiesHandling" time="0.211" errors="0" timestamp="2023-06-29T10:44:12 IST" skipped="0">
  <testcase classname="advanced.selenim.testleaf.CookiesHandling" name="firstCookiesHandling" time="0.064"/>
  <system-out/>
  <testcase classname="advanced.selenim.testleaf.CookiesHandling" name="addCookies" time="0.023"/>
  <system-out/>
  <testcase classname="advanced.selenim.testleaf.CookiesHandling" name="deleteAllCookies" time="0.124"/>
  <system-out/>
</testsuite> <!-- advanced.selenim.testleaf.CookiesHandling -->
