<?xml version="1.0" encoding="UTF-8"?>
<!-- Generated by org.testng.reporters.JUnitReportReporter -->
<testsuite hostname="rajshree" failures="0" tests="8" name="flipkartDemo.PlaceOrder" time="5.295" errors="0" timestamp="2023-06-29T19:06:36 IST" skipped="0">
  <testcase classname="flipkartDemo.PlaceOrder" name="logIn" time="0.176"/>
  <system-out/>
  <testcase classname="flipkartDemo.PlaceOrder" name="searchKidToys" time="0.218"/>
  <system-out/>
  <testcase classname="flipkartDemo.PlaceOrder" name="windowHandle" time="2.856"/>
  <system-out/>
  <testcase classname="flipkartDemo.PlaceOrder" name="addItems" time="0.616"/>
  <system-out/>
  <testcase classname="flipkartDemo.PlaceOrder" name="placeOrder" time="1.140"/>
  <system-out/>
  <testcase classname="flipkartDemo.PlaceOrder" name="enterPhoneNumber" time="0.158"/>
  <system-out/>
  <testcase classname="flipkartDemo.PlaceOrder" name="continueButton" time="0.066"/>
  <system-out/>
  <testcase classname="flipkartDemo.PlaceOrder" name="backToHome" time="0.065"/>
  <system-out/>
</testsuite> <!-- flipkartDemo.PlaceOrder -->
