<?xml version="1.0" encoding="UTF-8"?>
<!-- Generated by org.testng.reporters.JUnitReportReporter -->
<testsuite hostname="rajshree" failures="0" tests="1" name="advanced.selenim.testleaf.DragAndDrop" time="3.707" errors="0" timestamp="2023-06-27T15:58:58 IST" skipped="0">
  <testcase classname="advanced.selenim.testleaf.DragAndDrop" name="firstDemo" time="3.707"/>
  <system-out/>
</testsuite> <!-- advanced.selenim.testleaf.DragAndDrop -->
